
Gurobi 9.0.2 (mac64, Java) logging started Sun Jun  7 13:29:33 2020

Academic license - for non-commercial use only
Gurobi Optimizer version 9.0.2 build v9.0.2rc0 (mac64)
Optimize a model with 15025 rows, 625 columns and 30625 nonzeros
Model fingerprint: 0x18364aa2
Coefficient statistics:
  Matrix range     [1e+00, 5e+01]
  Objective range  [4e-04, 2e-02]
  Bounds range     [1e+00, 1e+00]
  RHS range        [1e+00, 1e+00]

Concurrent LP optimizer: dual simplex and barrier
Showing barrier log only...

Presolve time: 0.03s
Presolved: 625 rows, 15650 columns, 31250 nonzeros

Ordering time: 0.01s

Barrier statistics:
 Free vars  : 25
 AA' NZ     : 1.500e+04
 Factor NZ  : 1.320e+05 (roughly 8 MBytes of memory)
 Factor Ops : 3.531e+07 (less than 1 second per iteration)
 Threads    : 3

                  Objective                Residual
Iter       Primal          Dual         Primal    Dual     Compl     Time
   0  -4.99676309e+02 -0.00000000e+00  1.57e+00 8.00e+00  1.22e-01     0s
   1  -1.86462899e+02  1.56899685e-01  1.08e-08 9.90e-07  1.19e-02     0s
   2  -2.30236913e-01  1.56816521e-01  1.16e-11 9.89e-10  2.47e-05     0s
   3  -1.45280246e-02  1.43948363e-01  1.40e-09 7.52e-11  1.01e-05     0s
   4   2.93653347e-02  1.24738313e-01  7.87e-10 2.47e-10  6.09e-06     0s
   5   5.84931588e-02  1.12072664e-01  4.04e-10 3.01e-10  3.42e-06     0s
   6   7.16854977e-02  1.01280729e-01  3.07e-10 2.86e-10  1.89e-06     0s
   7   8.03058823e-02  9.58748117e-02  7.52e-10 2.60e-10  9.95e-07     0s
   8   8.27271985e-02  9.24494137e-02  5.07e-10 2.04e-10  6.21e-07     0s
   9   8.31990296e-02  9.07649000e-02  4.26e-10 1.86e-10  4.83e-07     0s
  10   8.42487889e-02  8.91755601e-02  3.40e-10 1.78e-10  3.15e-07     0s
  11   8.48862917e-02  8.88949042e-02  2.08e-10 1.66e-10  2.56e-07     0s
  12   8.50778103e-02  8.77763716e-02  2.19e-10 1.17e-10  1.72e-07     0s
  13   8.57610581e-02  8.70514999e-02  8.78e-10 8.76e-11  8.25e-08     0s
  14   8.58910989e-02  8.63820200e-02  4.65e-10 6.81e-11  3.14e-08     0s
  15   8.59338433e-02  8.62837717e-02  2.95e-10 4.55e-11  2.24e-08     0s
  16   8.60179434e-02  8.60499230e-02  3.19e-10 2.12e-11  2.04e-09     0s
  17   8.60279900e-02  8.60296381e-02  1.05e-10 1.30e-11  1.05e-10     0s
  18   8.60284843e-02  8.60284910e-02  4.10e-11 1.38e-12  4.30e-13     0s

Barrier solved model in 18 iterations and 0.15 seconds
Optimal objective 8.60284843e-02

Crossover log...

       0 DPushes remaining with DInf 0.0000000e+00                 0s

    7347 PPushes remaining with PInf 3.5190445e-03                 0s
       0 PPushes remaining with PInf 0.0000000e+00                 0s

  Push phase complete: Pinf 0.0000000e+00, Dinf 2.8269054e-14      0s

Iteration    Objective       Primal Inf.    Dual Inf.      Time
    7505    8.6028487e-02   0.000000e+00   0.000000e+00      0s

Solved with barrier
Solved in 7505 iterations and 0.19 seconds
Optimal objective  8.602848704e-02

Gurobi 9.0.2 (mac64, Java) logging started Sun Jun  7 13:30:01 2020

Academic license - for non-commercial use only
Gurobi Optimizer version 9.0.2 build v9.0.2rc0 (mac64)
Optimize a model with 15025 rows, 625 columns and 30625 nonzeros
Model fingerprint: 0x18364aa2
Coefficient statistics:
  Matrix range     [1e+00, 5e+01]
  Objective range  [4e-04, 2e-02]
  Bounds range     [1e+00, 1e+00]
  RHS range        [1e+00, 1e+00]

Concurrent LP optimizer: dual simplex and barrier
Showing barrier log only...

Presolve time: 0.03s
Presolved: 625 rows, 15650 columns, 31250 nonzeros

Ordering time: 0.01s

Barrier statistics:
 Free vars  : 25
 AA' NZ     : 1.500e+04
 Factor NZ  : 1.320e+05 (roughly 8 MBytes of memory)
 Factor Ops : 3.531e+07 (less than 1 second per iteration)
 Threads    : 3

                  Objective                Residual
Iter       Primal          Dual         Primal    Dual     Compl     Time
   0  -4.99676309e+02 -0.00000000e+00  1.57e+00 8.00e+00  1.22e-01     0s
   1  -1.86462899e+02  1.56899685e-01  1.08e-08 9.90e-07  1.19e-02     0s
   2  -2.30236913e-01  1.56816521e-01  1.16e-11 9.89e-10  2.47e-05     0s
   3  -1.45280246e-02  1.43948363e-01  1.40e-09 7.52e-11  1.01e-05     0s
   4   2.93653347e-02  1.24738313e-01  7.87e-10 2.47e-10  6.09e-06     0s
   5   5.84931588e-02  1.12072664e-01  4.04e-10 3.01e-10  3.42e-06     0s
   6   7.16854977e-02  1.01280729e-01  3.07e-10 2.86e-10  1.89e-06     0s
   7   8.03058823e-02  9.58748117e-02  7.52e-10 2.60e-10  9.95e-07     0s
   8   8.27271985e-02  9.24494137e-02  5.07e-10 2.04e-10  6.21e-07     0s
   9   8.31990296e-02  9.07649000e-02  4.26e-10 1.86e-10  4.83e-07     0s
  10   8.42487889e-02  8.91755601e-02  3.40e-10 1.78e-10  3.15e-07     0s
  11   8.48862917e-02  8.88949042e-02  2.08e-10 1.66e-10  2.56e-07     0s
  12   8.50778103e-02  8.77763716e-02  2.19e-10 1.17e-10  1.72e-07     0s
  13   8.57610581e-02  8.70514999e-02  8.78e-10 8.76e-11  8.25e-08     0s
  14   8.58910989e-02  8.63820200e-02  4.65e-10 6.81e-11  3.14e-08     0s
  15   8.59338433e-02  8.62837717e-02  2.95e-10 4.55e-11  2.24e-08     0s
  16   8.60179434e-02  8.60499230e-02  3.19e-10 2.12e-11  2.04e-09     0s
  17   8.60279900e-02  8.60296381e-02  1.05e-10 1.30e-11  1.05e-10     0s
  18   8.60284843e-02  8.60284910e-02  4.10e-11 1.38e-12  4.30e-13     0s

Barrier solved model in 18 iterations and 0.14 seconds
Optimal objective 8.60284843e-02

Crossover log...

       0 DPushes remaining with DInf 0.0000000e+00                 0s

    7347 PPushes remaining with PInf 3.5190445e-03                 0s
       0 PPushes remaining with PInf 0.0000000e+00                 0s

  Push phase complete: Pinf 0.0000000e+00, Dinf 2.8269054e-14      0s

Iteration    Objective       Primal Inf.    Dual Inf.      Time
    7505    8.6028487e-02   0.000000e+00   0.000000e+00      0s

Solved with barrier
Solved in 7505 iterations and 0.18 seconds
Optimal objective  8.602848704e-02

Gurobi 9.0.2 (mac64, Java) logging started Sun Jun  7 13:30:14 2020

Academic license - for non-commercial use only
Gurobi Optimizer version 9.0.2 build v9.0.2rc0 (mac64)
Optimize a model with 15025 rows, 625 columns and 30625 nonzeros
Model fingerprint: 0x06afc428
Coefficient statistics:
  Matrix range     [1e+00, 1e+00]
  Objective range  [4e-04, 2e-02]
  Bounds range     [1e+00, 1e+00]
  RHS range        [1e+00, 1e+00]

Concurrent LP optimizer: dual simplex and barrier
Showing barrier log only...

Presolve time: 0.02s
Presolved: 625 rows, 15650 columns, 31250 nonzeros

Ordering time: 0.01s

Barrier statistics:
 Free vars  : 25
 AA' NZ     : 1.500e+04
 Factor NZ  : 1.320e+05 (roughly 8 MBytes of memory)
 Factor Ops : 3.531e+07 (less than 1 second per iteration)
 Threads    : 3

                  Objective                Residual
Iter       Primal          Dual         Primal    Dual     Compl     Time
   0  -6.11144820e+01 -0.00000000e+00  6.74e-01 1.00e+00  1.36e-02     0s
   1  -1.15720123e+01  1.56825745e-01  1.02e-09 5.96e-07  7.49e-04     0s
   2   8.86618415e-02  1.56648946e-01  4.29e-12 1.31e-09  4.34e-06     0s
   3   1.08987760e-01  1.43856870e-01  9.61e-10 2.73e-10  2.23e-06     0s
   4   1.10487038e-01  1.33981598e-01  7.24e-10 1.90e-09  1.50e-06     0s
   5   1.10579299e-01  1.31833129e-01  6.91e-10 2.14e-09  1.36e-06     0s

Barrier performed 5 iterations in 0.07 seconds
Barrier solve interrupted - model solved by another algorithm


Solved with dual simplex
Solved in 1483 iterations and 0.07 seconds
Optimal objective  1.133175939e-01

Gurobi 9.0.2 (mac64, Java) logging started Sun Jun  7 13:30:20 2020

Academic license - for non-commercial use only
Gurobi Optimizer version 9.0.2 build v9.0.2rc0 (mac64)
Optimize a model with 15025 rows, 625 columns and 30625 nonzeros
Model fingerprint: 0x18364aa2
Coefficient statistics:
  Matrix range     [1e+00, 5e+01]
  Objective range  [4e-04, 2e-02]
  Bounds range     [1e+00, 1e+00]
  RHS range        [1e+00, 1e+00]

Concurrent LP optimizer: dual simplex and barrier
Showing barrier log only...

Presolve time: 0.02s
Presolved: 625 rows, 15650 columns, 31250 nonzeros

Ordering time: 0.01s

Barrier statistics:
 Free vars  : 25
 AA' NZ     : 1.500e+04
 Factor NZ  : 1.320e+05 (roughly 8 MBytes of memory)
 Factor Ops : 3.531e+07 (less than 1 second per iteration)
 Threads    : 3

                  Objective                Residual
Iter       Primal          Dual         Primal    Dual     Compl     Time
   0  -4.99676309e+02 -0.00000000e+00  1.57e+00 8.00e+00  1.22e-01     0s
   1  -1.86462899e+02  1.56899685e-01  1.08e-08 9.90e-07  1.19e-02     0s
   2  -2.30236913e-01  1.56816521e-01  1.16e-11 9.89e-10  2.47e-05     0s
   3  -1.45280246e-02  1.43948363e-01  1.40e-09 7.52e-11  1.01e-05     0s
   4   2.93653347e-02  1.24738313e-01  7.87e-10 2.47e-10  6.09e-06     0s
   5   5.84931588e-02  1.12072664e-01  4.04e-10 3.01e-10  3.42e-06     0s
   6   7.16854977e-02  1.01280729e-01  3.07e-10 2.86e-10  1.89e-06     0s
   7   8.03058823e-02  9.58748117e-02  7.52e-10 2.60e-10  9.95e-07     0s
   8   8.27271985e-02  9.24494137e-02  5.07e-10 2.04e-10  6.21e-07     0s
   9   8.31990296e-02  9.07649000e-02  4.26e-10 1.86e-10  4.83e-07     0s
  10   8.42487889e-02  8.91755601e-02  3.40e-10 1.78e-10  3.15e-07     0s
  11   8.48862917e-02  8.88949042e-02  2.08e-10 1.66e-10  2.56e-07     0s
  12   8.50778103e-02  8.77763716e-02  2.19e-10 1.17e-10  1.72e-07     0s
  13   8.57610581e-02  8.70514999e-02  8.78e-10 8.76e-11  8.25e-08     0s
  14   8.58910989e-02  8.63820200e-02  4.65e-10 6.81e-11  3.14e-08     0s
  15   8.59338433e-02  8.62837717e-02  2.95e-10 4.55e-11  2.24e-08     0s
  16   8.60179434e-02  8.60499230e-02  3.19e-10 2.12e-11  2.04e-09     0s
  17   8.60279900e-02  8.60296381e-02  1.05e-10 1.30e-11  1.05e-10     0s
  18   8.60284843e-02  8.60284910e-02  4.10e-11 1.38e-12  4.30e-13     0s

Barrier solved model in 18 iterations and 0.14 seconds
Optimal objective 8.60284843e-02

Crossover log...

       0 DPushes remaining with DInf 0.0000000e+00                 0s

    7347 PPushes remaining with PInf 3.5190445e-03                 0s
       0 PPushes remaining with PInf 0.0000000e+00                 0s

  Push phase complete: Pinf 0.0000000e+00, Dinf 2.8269054e-14      0s

Iteration    Objective       Primal Inf.    Dual Inf.      Time
    7505    8.6028487e-02   0.000000e+00   0.000000e+00      0s

Solved with barrier
Solved in 7505 iterations and 0.18 seconds
Optimal objective  8.602848704e-02

Gurobi 9.0.2 (mac64, Java) logging started Sun Jun  7 13:33:31 2020

Academic license - for non-commercial use only
Gurobi Optimizer version 9.0.2 build v9.0.2rc0 (mac64)
Optimize a model with 15025 rows, 625 columns and 30625 nonzeros
Model fingerprint: 0x18364aa2
Coefficient statistics:
  Matrix range     [1e+00, 5e+01]
  Objective range  [4e-04, 2e-02]
  Bounds range     [1e+00, 1e+00]
  RHS range        [1e+00, 1e+00]

Concurrent LP optimizer: dual simplex and barrier
Showing barrier log only...

Presolve time: 0.04s
Presolved: 625 rows, 15650 columns, 31250 nonzeros

Ordering time: 0.01s

Barrier statistics:
 Free vars  : 25
 AA' NZ     : 1.500e+04
 Factor NZ  : 1.320e+05 (roughly 8 MBytes of memory)
 Factor Ops : 3.531e+07 (less than 1 second per iteration)
 Threads    : 3

                  Objective                Residual
Iter       Primal          Dual         Primal    Dual     Compl     Time
   0  -4.99676309e+02 -0.00000000e+00  1.57e+00 8.00e+00  1.22e-01     0s
   1  -1.86462899e+02  1.56899685e-01  1.08e-08 9.90e-07  1.19e-02     0s
   2  -2.30236913e-01  1.56816521e-01  1.16e-11 9.89e-10  2.47e-05     0s
   3  -1.45280246e-02  1.43948363e-01  1.40e-09 7.52e-11  1.01e-05     0s
   4   2.93653347e-02  1.24738313e-01  7.87e-10 2.47e-10  6.09e-06     0s
   5   5.84931588e-02  1.12072664e-01  4.04e-10 3.01e-10  3.42e-06     0s
   6   7.16854977e-02  1.01280729e-01  3.07e-10 2.86e-10  1.89e-06     0s
   7   8.03058823e-02  9.58748117e-02  7.52e-10 2.60e-10  9.95e-07     0s
   8   8.27271985e-02  9.24494137e-02  5.07e-10 2.04e-10  6.21e-07     0s
   9   8.31990296e-02  9.07649000e-02  4.26e-10 1.86e-10  4.83e-07     0s
  10   8.42487889e-02  8.91755601e-02  3.40e-10 1.78e-10  3.15e-07     0s
  11   8.48862917e-02  8.88949042e-02  2.08e-10 1.66e-10  2.56e-07     0s
  12   8.50778103e-02  8.77763716e-02  2.19e-10 1.17e-10  1.72e-07     0s
  13   8.57610581e-02  8.70514999e-02  8.78e-10 8.76e-11  8.25e-08     0s
  14   8.58910989e-02  8.63820200e-02  4.65e-10 6.81e-11  3.14e-08     0s
  15   8.59338433e-02  8.62837717e-02  2.95e-10 4.55e-11  2.24e-08     0s
  16   8.60179434e-02  8.60499230e-02  3.19e-10 2.12e-11  2.04e-09     0s
  17   8.60279900e-02  8.60296381e-02  1.05e-10 1.30e-11  1.05e-10     0s
  18   8.60284843e-02  8.60284910e-02  4.10e-11 1.38e-12  4.30e-13     0s

Barrier solved model in 18 iterations and 0.16 seconds
Optimal objective 8.60284843e-02

Crossover log...

       0 DPushes remaining with DInf 0.0000000e+00                 0s

    7347 PPushes remaining with PInf 3.5190445e-03                 0s
       0 PPushes remaining with PInf 0.0000000e+00                 0s

  Push phase complete: Pinf 0.0000000e+00, Dinf 2.8269054e-14      0s

Iteration    Objective       Primal Inf.    Dual Inf.      Time
    7505    8.6028487e-02   0.000000e+00   0.000000e+00      0s

Solved with barrier
Solved in 7505 iterations and 0.20 seconds
Optimal objective  8.602848704e-02

Gurobi 9.0.2 (mac64, Java) logging started Sun Jun  7 13:34:07 2020

Academic license - for non-commercial use only
Gurobi Optimizer version 9.0.2 build v9.0.2rc0 (mac64)
Optimize a model with 15025 rows, 625 columns and 30625 nonzeros
Model fingerprint: 0x18364aa2
Coefficient statistics:
  Matrix range     [1e+00, 5e+01]
  Objective range  [4e-04, 2e-02]
  Bounds range     [1e+00, 1e+00]
  RHS range        [1e+00, 1e+00]

Concurrent LP optimizer: dual simplex and barrier
Showing barrier log only...

Presolve time: 0.02s
Presolved: 625 rows, 15650 columns, 31250 nonzeros

Ordering time: 0.01s

Barrier statistics:
 Free vars  : 25
 AA' NZ     : 1.500e+04
 Factor NZ  : 1.320e+05 (roughly 8 MBytes of memory)
 Factor Ops : 3.531e+07 (less than 1 second per iteration)
 Threads    : 3

                  Objective                Residual
Iter       Primal          Dual         Primal    Dual     Compl     Time
   0  -4.99676309e+02 -0.00000000e+00  1.57e+00 8.00e+00  1.22e-01     0s
   1  -1.86462899e+02  1.56899685e-01  1.08e-08 9.90e-07  1.19e-02     0s
   2  -2.30236913e-01  1.56816521e-01  1.16e-11 9.89e-10  2.47e-05     0s
   3  -1.45280246e-02  1.43948363e-01  1.40e-09 7.52e-11  1.01e-05     0s
   4   2.93653347e-02  1.24738313e-01  7.87e-10 2.47e-10  6.09e-06     0s
   5   5.84931588e-02  1.12072664e-01  4.04e-10 3.01e-10  3.42e-06     0s
   6   7.16854977e-02  1.01280729e-01  3.07e-10 2.86e-10  1.89e-06     0s
   7   8.03058823e-02  9.58748117e-02  7.52e-10 2.60e-10  9.95e-07     0s
   8   8.27271985e-02  9.24494137e-02  5.07e-10 2.04e-10  6.21e-07     0s
   9   8.31990296e-02  9.07649000e-02  4.26e-10 1.86e-10  4.83e-07     0s
  10   8.42487889e-02  8.91755601e-02  3.40e-10 1.78e-10  3.15e-07     0s
  11   8.48862917e-02  8.88949042e-02  2.08e-10 1.66e-10  2.56e-07     0s
  12   8.50778103e-02  8.77763716e-02  2.19e-10 1.17e-10  1.72e-07     0s
  13   8.57610581e-02  8.70514999e-02  8.78e-10 8.76e-11  8.25e-08     0s
  14   8.58910989e-02  8.63820200e-02  4.65e-10 6.81e-11  3.14e-08     0s
  15   8.59338433e-02  8.62837717e-02  2.95e-10 4.55e-11  2.24e-08     0s
  16   8.60179434e-02  8.60499230e-02  3.19e-10 2.12e-11  2.04e-09     0s
  17   8.60279900e-02  8.60296381e-02  1.05e-10 1.30e-11  1.05e-10     0s
  18   8.60284843e-02  8.60284910e-02  4.10e-11 1.38e-12  4.30e-13     0s

Barrier solved model in 18 iterations and 0.14 seconds
Optimal objective 8.60284843e-02

Crossover log...

       0 DPushes remaining with DInf 0.0000000e+00                 0s

    7347 PPushes remaining with PInf 3.5190445e-03                 0s
       0 PPushes remaining with PInf 0.0000000e+00                 0s

  Push phase complete: Pinf 0.0000000e+00, Dinf 2.8269054e-14      0s

Iteration    Objective       Primal Inf.    Dual Inf.      Time
    7505    8.6028487e-02   0.000000e+00   0.000000e+00      0s

Solved with barrier
Solved in 7505 iterations and 0.17 seconds
Optimal objective  8.602848704e-02

Gurobi 9.0.2 (mac64, Java) logging started Sun Jun  7 13:34:09 2020

Academic license - for non-commercial use only
Gurobi Optimizer version 9.0.2 build v9.0.2rc0 (mac64)
Optimize a model with 15025 rows, 625 columns and 30625 nonzeros
Model fingerprint: 0x18364aa2
Coefficient statistics:
  Matrix range     [1e+00, 5e+01]
  Objective range  [4e-04, 2e-02]
  Bounds range     [1e+00, 1e+00]
  RHS range        [1e+00, 1e+00]

Concurrent LP optimizer: dual simplex and barrier
Showing barrier log only...

Presolve time: 0.02s
Presolved: 625 rows, 15650 columns, 31250 nonzeros

Ordering time: 0.01s

Barrier statistics:
 Free vars  : 25
 AA' NZ     : 1.500e+04
 Factor NZ  : 1.320e+05 (roughly 8 MBytes of memory)
 Factor Ops : 3.531e+07 (less than 1 second per iteration)
 Threads    : 3

                  Objective                Residual
Iter       Primal          Dual         Primal    Dual     Compl     Time
   0  -4.99676309e+02 -0.00000000e+00  1.57e+00 8.00e+00  1.22e-01     0s
   1  -1.86462899e+02  1.56899685e-01  1.08e-08 9.90e-07  1.19e-02     0s
   2  -2.30236913e-01  1.56816521e-01  1.16e-11 9.89e-10  2.47e-05     0s
   3  -1.45280246e-02  1.43948363e-01  1.40e-09 7.52e-11  1.01e-05     0s
   4   2.93653347e-02  1.24738313e-01  7.87e-10 2.47e-10  6.09e-06     0s
   5   5.84931588e-02  1.12072664e-01  4.04e-10 3.01e-10  3.42e-06     0s
   6   7.16854977e-02  1.01280729e-01  3.07e-10 2.86e-10  1.89e-06     0s
   7   8.03058823e-02  9.58748117e-02  7.52e-10 2.60e-10  9.95e-07     0s
   8   8.27271985e-02  9.24494137e-02  5.07e-10 2.04e-10  6.21e-07     0s
   9   8.31990296e-02  9.07649000e-02  4.26e-10 1.86e-10  4.83e-07     0s
  10   8.42487889e-02  8.91755601e-02  3.40e-10 1.78e-10  3.15e-07     0s
  11   8.48862917e-02  8.88949042e-02  2.08e-10 1.66e-10  2.56e-07     0s
  12   8.50778103e-02  8.77763716e-02  2.19e-10 1.17e-10  1.72e-07     0s
  13   8.57610581e-02  8.70514999e-02  8.78e-10 8.76e-11  8.25e-08     0s
  14   8.58910989e-02  8.63820200e-02  4.65e-10 6.81e-11  3.14e-08     0s
  15   8.59338433e-02  8.62837717e-02  2.95e-10 4.55e-11  2.24e-08     0s
  16   8.60179434e-02  8.60499230e-02  3.19e-10 2.12e-11  2.04e-09     0s
  17   8.60279900e-02  8.60296381e-02  1.05e-10 1.30e-11  1.05e-10     0s
  18   8.60284843e-02  8.60284910e-02  4.10e-11 1.38e-12  4.30e-13     0s

Barrier solved model in 18 iterations and 0.14 seconds
Optimal objective 8.60284843e-02

Crossover log...

       0 DPushes remaining with DInf 0.0000000e+00                 0s

    7347 PPushes remaining with PInf 3.5190445e-03                 0s
       0 PPushes remaining with PInf 0.0000000e+00                 0s

  Push phase complete: Pinf 0.0000000e+00, Dinf 2.8269054e-14      0s

Iteration    Objective       Primal Inf.    Dual Inf.      Time
    7505    8.6028487e-02   0.000000e+00   0.000000e+00      0s

Solved with barrier
Solved in 7505 iterations and 0.17 seconds
Optimal objective  8.602848704e-02

Gurobi 9.0.2 (mac64, Java) logging started Sun Jun  7 13:34:36 2020

Academic license - for non-commercial use only
Gurobi Optimizer version 9.0.2 build v9.0.2rc0 (mac64)
Optimize a model with 15025 rows, 625 columns and 30625 nonzeros
Model fingerprint: 0x18364aa2
Coefficient statistics:
  Matrix range     [1e+00, 5e+01]
  Objective range  [4e-04, 2e-02]
  Bounds range     [1e+00, 1e+00]
  RHS range        [1e+00, 1e+00]

Concurrent LP optimizer: dual simplex and barrier
Showing barrier log only...

Presolve time: 0.03s
Presolved: 625 rows, 15650 columns, 31250 nonzeros

Ordering time: 0.01s

Barrier statistics:
 Free vars  : 25
 AA' NZ     : 1.500e+04
 Factor NZ  : 1.320e+05 (roughly 8 MBytes of memory)
 Factor Ops : 3.531e+07 (less than 1 second per iteration)
 Threads    : 3

                  Objective                Residual
Iter       Primal          Dual         Primal    Dual     Compl     Time
   0  -4.99676309e+02 -0.00000000e+00  1.57e+00 8.00e+00  1.22e-01     0s
   1  -1.86462899e+02  1.56899685e-01  1.08e-08 9.90e-07  1.19e-02     0s
   2  -2.30236913e-01  1.56816521e-01  1.16e-11 9.89e-10  2.47e-05     0s
   3  -1.45280246e-02  1.43948363e-01  1.40e-09 7.52e-11  1.01e-05     0s
   4   2.93653347e-02  1.24738313e-01  7.87e-10 2.47e-10  6.09e-06     0s
   5   5.84931588e-02  1.12072664e-01  4.04e-10 3.01e-10  3.42e-06     0s
   6   7.16854977e-02  1.01280729e-01  3.07e-10 2.86e-10  1.89e-06     0s
   7   8.03058823e-02  9.58748117e-02  7.52e-10 2.60e-10  9.95e-07     0s
   8   8.27271985e-02  9.24494137e-02  5.07e-10 2.04e-10  6.21e-07     0s
   9   8.31990296e-02  9.07649000e-02  4.26e-10 1.86e-10  4.83e-07     0s
  10   8.42487889e-02  8.91755601e-02  3.40e-10 1.78e-10  3.15e-07     0s
  11   8.48862917e-02  8.88949042e-02  2.08e-10 1.66e-10  2.56e-07     0s
  12   8.50778103e-02  8.77763716e-02  2.19e-10 1.17e-10  1.72e-07     0s
  13   8.57610581e-02  8.70514999e-02  8.78e-10 8.76e-11  8.25e-08     0s
  14   8.58910989e-02  8.63820200e-02  4.65e-10 6.81e-11  3.14e-08     0s
  15   8.59338433e-02  8.62837717e-02  2.95e-10 4.55e-11  2.24e-08     0s
  16   8.60179434e-02  8.60499230e-02  3.19e-10 2.12e-11  2.04e-09     0s
  17   8.60279900e-02  8.60296381e-02  1.05e-10 1.30e-11  1.05e-10     0s
  18   8.60284843e-02  8.60284910e-02  4.10e-11 1.38e-12  4.30e-13     0s

Barrier solved model in 18 iterations and 0.15 seconds
Optimal objective 8.60284843e-02

Crossover log...

       0 DPushes remaining with DInf 0.0000000e+00                 0s

    7347 PPushes remaining with PInf 3.5190445e-03                 0s
       0 PPushes remaining with PInf 0.0000000e+00                 0s

  Push phase complete: Pinf 0.0000000e+00, Dinf 2.8269054e-14      0s

Iteration    Objective       Primal Inf.    Dual Inf.      Time
    7505    8.6028487e-02   0.000000e+00   0.000000e+00      0s

Solved with barrier
Solved in 7505 iterations and 0.18 seconds
Optimal objective  8.602848704e-02

Gurobi 9.0.2 (mac64, Java) logging started Sun Jun  7 13:36:36 2020

Academic license - for non-commercial use only
Gurobi Optimizer version 9.0.2 build v9.0.2rc0 (mac64)
Optimize a model with 15025 rows, 625 columns and 30625 nonzeros
Model fingerprint: 0x3c4951a3
Coefficient statistics:
  Matrix range     [1e+00, 5e+01]
  Objective range  [3e-05, 2e-03]
  Bounds range     [1e+00, 1e+00]
  RHS range        [1e+00, 1e+00]

Concurrent LP optimizer: dual simplex and barrier
Showing barrier log only...

Presolve time: 0.03s
Presolved: 625 rows, 15650 columns, 31250 nonzeros

Ordering time: 0.01s

Barrier statistics:
 Free vars  : 25
 AA' NZ     : 1.500e+04
 Factor NZ  : 1.320e+05 (roughly 8 MBytes of memory)
 Factor Ops : 3.531e+07 (less than 1 second per iteration)
 Threads    : 3

                  Objective                Residual
Iter       Primal          Dual         Primal    Dual     Compl     Time
   0  -4.99978547e+02 -0.00000000e+00  1.57e+00 8.00e+00  1.37e-01     0s
   1  -2.03341783e+02  1.03998294e-02  9.36e-09 1.08e-06  1.30e-02     0s
   2  -1.92952641e-01  1.03994904e-02  4.59e-14 1.08e-09  1.30e-05     0s
   3  -7.48517708e-03  1.00297912e-02  4.41e-10 1.39e-10  1.12e-06     0s
   4   1.68268546e-04  8.87585159e-03  5.63e-10 1.06e-10  5.56e-07     0s
   5   2.95348707e-03  8.22217248e-03  4.38e-10 8.56e-11  3.37e-07     0s
   6   4.43214092e-03  7.02860359e-03  4.20e-10 5.23e-11  1.66e-07     0s
   7   5.06741645e-03  6.45200905e-03  3.97e-10 3.27e-11  8.85e-08     0s
   8   5.33029887e-03  6.19043050e-03  3.16e-10 2.55e-11  5.50e-08     0s
   9   5.44903436e-03  6.06515641e-03  2.60e-10 2.05e-11  3.94e-08     0s
  10   5.60020530e-03  5.97059955e-03  3.29e-10 1.86e-11  2.37e-08     0s
  11   5.63576894e-03  5.89065289e-03  2.76e-10 1.45e-11  1.63e-08     0s
  12   5.66699821e-03  5.80785121e-03  4.05e-10 9.56e-12  9.00e-09     0s
  13   5.69415678e-03  5.74199518e-03  5.73e-10 6.53e-12  3.06e-09     0s
  14   5.69690467e-03  5.72277104e-03  3.80e-10 4.39e-12  1.65e-09     0s
  15   5.70041188e-03  5.71966761e-03  2.57e-10 3.61e-12  1.23e-09     0s
  16   5.70563286e-03  5.70699514e-03  2.11e-10 1.42e-12  8.71e-11     0s
  17   5.70596935e-03  5.70652367e-03  6.43e-11 1.27e-12  3.54e-11     0s
  18   5.70607985e-03  5.70616476e-03  2.08e-11 3.36e-13  5.42e-12     0s
  19   5.70614293e-03  5.70614317e-03  1.23e-11 1.14e-13  9.68e-15     0s

Barrier solved model in 19 iterations and 0.15 seconds
Optimal objective 5.70614293e-03

Crossover log...

       0 DPushes remaining with DInf 0.0000000e+00                 0s

    3279 PPushes remaining with PInf 1.4077727e-02                 0s
       0 PPushes remaining with PInf 5.2737465e-04                 0s

  Push phase complete: Pinf 5.2737465e-04, Dinf 3.5998982e-14      0s

Iteration    Objective       Primal Inf.    Dual Inf.      Time
    3441    5.7063409e-03   5.273746e-04   0.000000e+00      0s
    3467    5.7061431e-03   0.000000e+00   0.000000e+00      0s

Solved with barrier
Solved in 3467 iterations and 0.18 seconds
Optimal objective  5.706143129e-03

Gurobi 9.0.2 (mac64, Java) logging started Sun Jun  7 13:37:40 2020

Academic license - for non-commercial use only
Gurobi Optimizer version 9.0.2 build v9.0.2rc0 (mac64)
Optimize a model with 15025 rows, 625 columns and 30625 nonzeros
Model fingerprint: 0x3c4951a3
Coefficient statistics:
  Matrix range     [1e+00, 5e+01]
  Objective range  [3e-05, 2e-03]
  Bounds range     [1e+00, 1e+00]
  RHS range        [1e+00, 1e+00]

Concurrent LP optimizer: dual simplex and barrier
Showing barrier log only...

Presolve time: 0.02s
Presolved: 625 rows, 15650 columns, 31250 nonzeros

Ordering time: 0.01s

Barrier statistics:
 Free vars  : 25
 AA' NZ     : 1.500e+04
 Factor NZ  : 1.320e+05 (roughly 8 MBytes of memory)
 Factor Ops : 3.531e+07 (less than 1 second per iteration)
 Threads    : 3

                  Objective                Residual
Iter       Primal          Dual         Primal    Dual     Compl     Time
   0  -4.99978547e+02 -0.00000000e+00  1.57e+00 8.00e+00  1.37e-01     0s
   1  -2.03341783e+02  1.03998294e-02  9.36e-09 1.08e-06  1.30e-02     0s
   2  -1.92952641e-01  1.03994904e-02  4.59e-14 1.08e-09  1.30e-05     0s
   3  -7.48517708e-03  1.00297912e-02  4.41e-10 1.39e-10  1.12e-06     0s
   4   1.68268546e-04  8.87585159e-03  5.63e-10 1.06e-10  5.56e-07     0s
   5   2.95348707e-03  8.22217248e-03  4.38e-10 8.56e-11  3.37e-07     0s
   6   4.43214092e-03  7.02860359e-03  4.20e-10 5.23e-11  1.66e-07     0s
   7   5.06741645e-03  6.45200905e-03  3.97e-10 3.27e-11  8.85e-08     0s
   8   5.33029887e-03  6.19043050e-03  3.16e-10 2.55e-11  5.50e-08     0s
   9   5.44903436e-03  6.06515641e-03  2.60e-10 2.05e-11  3.94e-08     0s
  10   5.60020530e-03  5.97059955e-03  3.29e-10 1.86e-11  2.37e-08     0s
  11   5.63576894e-03  5.89065289e-03  2.76e-10 1.45e-11  1.63e-08     0s
  12   5.66699821e-03  5.80785121e-03  4.05e-10 9.56e-12  9.00e-09     0s
  13   5.69415678e-03  5.74199518e-03  5.73e-10 6.53e-12  3.06e-09     0s
  14   5.69690467e-03  5.72277104e-03  3.80e-10 4.39e-12  1.65e-09     0s
  15   5.70041188e-03  5.71966761e-03  2.57e-10 3.61e-12  1.23e-09     0s
  16   5.70563286e-03  5.70699514e-03  2.11e-10 1.42e-12  8.71e-11     0s
  17   5.70596935e-03  5.70652367e-03  6.43e-11 1.27e-12  3.54e-11     0s
  18   5.70607985e-03  5.70616476e-03  2.08e-11 3.36e-13  5.42e-12     0s
  19   5.70614293e-03  5.70614317e-03  1.23e-11 1.14e-13  9.68e-15     0s

Barrier solved model in 19 iterations and 0.15 seconds
Optimal objective 5.70614293e-03

Crossover log...

       0 DPushes remaining with DInf 0.0000000e+00                 0s

    3279 PPushes remaining with PInf 1.4077727e-02                 0s
       0 PPushes remaining with PInf 5.2737465e-04                 0s

  Push phase complete: Pinf 5.2737465e-04, Dinf 3.5998982e-14      0s

Iteration    Objective       Primal Inf.    Dual Inf.      Time
    3441    5.7063409e-03   5.273746e-04   0.000000e+00      0s
    3467    5.7061431e-03   0.000000e+00   0.000000e+00      0s

Solved with barrier
Solved in 3467 iterations and 0.18 seconds
Optimal objective  5.706143129e-03

Gurobi 9.0.2 (mac64, Java) logging started Sun Jun  7 13:38:04 2020

Academic license - for non-commercial use only
Gurobi Optimizer version 9.0.2 build v9.0.2rc0 (mac64)
Optimize a model with 15025 rows, 625 columns and 30625 nonzeros
Model fingerprint: 0x3c4951a3
Coefficient statistics:
  Matrix range     [1e+00, 5e+01]
  Objective range  [3e-05, 2e-03]
  Bounds range     [1e+00, 1e+00]
  RHS range        [1e+00, 1e+00]

Concurrent LP optimizer: dual simplex and barrier
Showing barrier log only...

Presolve time: 0.02s
Presolved: 625 rows, 15650 columns, 31250 nonzeros

Ordering time: 0.01s

Barrier statistics:
 Free vars  : 25
 AA' NZ     : 1.500e+04
 Factor NZ  : 1.320e+05 (roughly 8 MBytes of memory)
 Factor Ops : 3.531e+07 (less than 1 second per iteration)
 Threads    : 3

                  Objective                Residual
Iter       Primal          Dual         Primal    Dual     Compl     Time
   0  -4.99978547e+02 -0.00000000e+00  1.57e+00 8.00e+00  1.37e-01     0s
   1  -2.03341783e+02  1.03998294e-02  9.36e-09 1.08e-06  1.30e-02     0s
   2  -1.92952641e-01  1.03994904e-02  4.59e-14 1.08e-09  1.30e-05     0s
   3  -7.48517708e-03  1.00297912e-02  4.41e-10 1.39e-10  1.12e-06     0s
   4   1.68268546e-04  8.87585159e-03  5.63e-10 1.06e-10  5.56e-07     0s
   5   2.95348707e-03  8.22217248e-03  4.38e-10 8.56e-11  3.37e-07     0s
   6   4.43214092e-03  7.02860359e-03  4.20e-10 5.23e-11  1.66e-07     0s
   7   5.06741645e-03  6.45200905e-03  3.97e-10 3.27e-11  8.85e-08     0s
   8   5.33029887e-03  6.19043050e-03  3.16e-10 2.55e-11  5.50e-08     0s
   9   5.44903436e-03  6.06515641e-03  2.60e-10 2.05e-11  3.94e-08     0s
  10   5.60020530e-03  5.97059955e-03  3.29e-10 1.86e-11  2.37e-08     0s
  11   5.63576894e-03  5.89065289e-03  2.76e-10 1.45e-11  1.63e-08     0s
  12   5.66699821e-03  5.80785121e-03  4.05e-10 9.56e-12  9.00e-09     0s
  13   5.69415678e-03  5.74199518e-03  5.73e-10 6.53e-12  3.06e-09     0s
  14   5.69690467e-03  5.72277104e-03  3.80e-10 4.39e-12  1.65e-09     0s
  15   5.70041188e-03  5.71966761e-03  2.57e-10 3.61e-12  1.23e-09     0s
  16   5.70563286e-03  5.70699514e-03  2.11e-10 1.42e-12  8.71e-11     0s
  17   5.70596935e-03  5.70652367e-03  6.43e-11 1.27e-12  3.54e-11     0s
  18   5.70607985e-03  5.70616476e-03  2.08e-11 3.36e-13  5.42e-12     0s
  19   5.70614293e-03  5.70614317e-03  1.23e-11 1.14e-13  9.68e-15     0s

Barrier solved model in 19 iterations and 0.14 seconds
Optimal objective 5.70614293e-03

Crossover log...

       0 DPushes remaining with DInf 0.0000000e+00                 0s

    3279 PPushes remaining with PInf 1.4077727e-02                 0s
       0 PPushes remaining with PInf 5.2737465e-04                 0s

  Push phase complete: Pinf 5.2737465e-04, Dinf 3.5998982e-14      0s

Iteration    Objective       Primal Inf.    Dual Inf.      Time
    3441    5.7063409e-03   5.273746e-04   0.000000e+00      0s
    3467    5.7061431e-03   0.000000e+00   0.000000e+00      0s

Solved with barrier
Solved in 3467 iterations and 0.17 seconds
Optimal objective  5.706143129e-03

Gurobi 9.0.2 (mac64, Java) logging started Sun Jun  7 13:38:19 2020

Academic license - for non-commercial use only
Gurobi Optimizer version 9.0.2 build v9.0.2rc0 (mac64)
Optimize a model with 15025 rows, 625 columns and 30625 nonzeros
Model fingerprint: 0x3c4951a3
Coefficient statistics:
  Matrix range     [1e+00, 5e+01]
  Objective range  [3e-05, 2e-03]
  Bounds range     [1e+00, 1e+00]
  RHS range        [1e+00, 1e+00]

Concurrent LP optimizer: dual simplex and barrier
Showing barrier log only...

Presolve time: 0.02s
Presolved: 625 rows, 15650 columns, 31250 nonzeros

Ordering time: 0.01s

Barrier statistics:
 Free vars  : 25
 AA' NZ     : 1.500e+04
 Factor NZ  : 1.320e+05 (roughly 8 MBytes of memory)
 Factor Ops : 3.531e+07 (less than 1 second per iteration)
 Threads    : 3

                  Objective                Residual
Iter       Primal          Dual         Primal    Dual     Compl     Time
   0  -4.99978547e+02 -0.00000000e+00  1.57e+00 8.00e+00  1.37e-01     0s
   1  -2.03341783e+02  1.03998294e-02  9.36e-09 1.08e-06  1.30e-02     0s
   2  -1.92952641e-01  1.03994904e-02  4.59e-14 1.08e-09  1.30e-05     0s
   3  -7.48517708e-03  1.00297912e-02  4.41e-10 1.39e-10  1.12e-06     0s
   4   1.68268546e-04  8.87585159e-03  5.63e-10 1.06e-10  5.56e-07     0s
   5   2.95348707e-03  8.22217248e-03  4.38e-10 8.56e-11  3.37e-07     0s
   6   4.43214092e-03  7.02860359e-03  4.20e-10 5.23e-11  1.66e-07     0s
   7   5.06741645e-03  6.45200905e-03  3.97e-10 3.27e-11  8.85e-08     0s
   8   5.33029887e-03  6.19043050e-03  3.16e-10 2.55e-11  5.50e-08     0s
   9   5.44903436e-03  6.06515641e-03  2.60e-10 2.05e-11  3.94e-08     0s
  10   5.60020530e-03  5.97059955e-03  3.29e-10 1.86e-11  2.37e-08     0s
  11   5.63576894e-03  5.89065289e-03  2.76e-10 1.45e-11  1.63e-08     0s
  12   5.66699821e-03  5.80785121e-03  4.05e-10 9.56e-12  9.00e-09     0s
  13   5.69415678e-03  5.74199518e-03  5.73e-10 6.53e-12  3.06e-09     0s
  14   5.69690467e-03  5.72277104e-03  3.80e-10 4.39e-12  1.65e-09     0s
  15   5.70041188e-03  5.71966761e-03  2.57e-10 3.61e-12  1.23e-09     0s
  16   5.70563286e-03  5.70699514e-03  2.11e-10 1.42e-12  8.71e-11     0s
  17   5.70596935e-03  5.70652367e-03  6.43e-11 1.27e-12  3.54e-11     0s
  18   5.70607985e-03  5.70616476e-03  2.08e-11 3.36e-13  5.42e-12     0s
  19   5.70614293e-03  5.70614317e-03  1.23e-11 1.14e-13  9.68e-15     0s

Barrier solved model in 19 iterations and 0.14 seconds
Optimal objective 5.70614293e-03

Crossover log...

       0 DPushes remaining with DInf 0.0000000e+00                 0s

    3279 PPushes remaining with PInf 1.4077727e-02                 0s
       0 PPushes remaining with PInf 5.2737465e-04                 0s

  Push phase complete: Pinf 5.2737465e-04, Dinf 3.5998982e-14      0s

Iteration    Objective       Primal Inf.    Dual Inf.      Time
    3441    5.7063409e-03   5.273746e-04   0.000000e+00      0s
    3467    5.7061431e-03   0.000000e+00   0.000000e+00      0s

Solved with barrier
Solved in 3467 iterations and 0.18 seconds
Optimal objective  5.706143129e-03

Gurobi 9.0.2 (mac64, Java) logging started Sun Jun  7 13:38:40 2020

Academic license - for non-commercial use only
Gurobi Optimizer version 9.0.2 build v9.0.2rc0 (mac64)
Optimize a model with 15025 rows, 625 columns and 30625 nonzeros
Model fingerprint: 0x3c4951a3
Coefficient statistics:
  Matrix range     [1e+00, 5e+01]
  Objective range  [3e-05, 2e-03]
  Bounds range     [1e+00, 1e+00]
  RHS range        [1e+00, 1e+00]

Concurrent LP optimizer: dual simplex and barrier
Showing barrier log only...

Presolve time: 0.02s
Presolved: 625 rows, 15650 columns, 31250 nonzeros

Ordering time: 0.01s

Barrier statistics:
 Free vars  : 25
 AA' NZ     : 1.500e+04
 Factor NZ  : 1.320e+05 (roughly 8 MBytes of memory)
 Factor Ops : 3.531e+07 (less than 1 second per iteration)
 Threads    : 3

                  Objective                Residual
Iter       Primal          Dual         Primal    Dual     Compl     Time
   0  -4.99978547e+02 -0.00000000e+00  1.57e+00 8.00e+00  1.37e-01     0s
   1  -2.03341783e+02  1.03998294e-02  9.36e-09 1.08e-06  1.30e-02     0s
   2  -1.92952641e-01  1.03994904e-02  4.59e-14 1.08e-09  1.30e-05     0s
   3  -7.48517708e-03  1.00297912e-02  4.41e-10 1.39e-10  1.12e-06     0s
   4   1.68268546e-04  8.87585159e-03  5.63e-10 1.06e-10  5.56e-07     0s
   5   2.95348707e-03  8.22217248e-03  4.38e-10 8.56e-11  3.37e-07     0s
   6   4.43214092e-03  7.02860359e-03  4.20e-10 5.23e-11  1.66e-07     0s
   7   5.06741645e-03  6.45200905e-03  3.97e-10 3.27e-11  8.85e-08     0s
   8   5.33029887e-03  6.19043050e-03  3.16e-10 2.55e-11  5.50e-08     0s
   9   5.44903436e-03  6.06515641e-03  2.60e-10 2.05e-11  3.94e-08     0s
  10   5.60020530e-03  5.97059955e-03  3.29e-10 1.86e-11  2.37e-08     0s
  11   5.63576894e-03  5.89065289e-03  2.76e-10 1.45e-11  1.63e-08     0s
  12   5.66699821e-03  5.80785121e-03  4.05e-10 9.56e-12  9.00e-09     0s
  13   5.69415678e-03  5.74199518e-03  5.73e-10 6.53e-12  3.06e-09     0s
  14   5.69690467e-03  5.72277104e-03  3.80e-10 4.39e-12  1.65e-09     0s
  15   5.70041188e-03  5.71966761e-03  2.57e-10 3.61e-12  1.23e-09     0s
  16   5.70563286e-03  5.70699514e-03  2.11e-10 1.42e-12  8.71e-11     0s
  17   5.70596935e-03  5.70652367e-03  6.43e-11 1.27e-12  3.54e-11     0s
  18   5.70607985e-03  5.70616476e-03  2.08e-11 3.36e-13  5.42e-12     0s
  19   5.70614293e-03  5.70614317e-03  1.23e-11 1.14e-13  9.68e-15     0s

Barrier solved model in 19 iterations and 0.14 seconds
Optimal objective 5.70614293e-03

Crossover log...

       0 DPushes remaining with DInf 0.0000000e+00                 0s

    3279 PPushes remaining with PInf 1.4077727e-02                 0s
       0 PPushes remaining with PInf 5.2737465e-04                 0s

  Push phase complete: Pinf 5.2737465e-04, Dinf 3.5998982e-14      0s

Iteration    Objective       Primal Inf.    Dual Inf.      Time
    3441    5.7063409e-03   5.273746e-04   0.000000e+00      0s
    3467    5.7061431e-03   0.000000e+00   0.000000e+00      0s

Solved with barrier
Solved in 3467 iterations and 0.18 seconds
Optimal objective  5.706143129e-03

Gurobi 9.0.2 (mac64, Java) logging started Sun Jun  7 13:38:52 2020

Academic license - for non-commercial use only
Gurobi Optimizer version 9.0.2 build v9.0.2rc0 (mac64)
Optimize a model with 15025 rows, 625 columns and 30625 nonzeros
Model fingerprint: 0x3c4951a3
Coefficient statistics:
  Matrix range     [1e+00, 5e+01]
  Objective range  [3e-05, 2e-03]
  Bounds range     [1e+00, 1e+00]
  RHS range        [1e+00, 1e+00]

Concurrent LP optimizer: dual simplex and barrier
Showing barrier log only...

Presolve time: 0.02s
Presolved: 625 rows, 15650 columns, 31250 nonzeros

Ordering time: 0.01s

Barrier statistics:
 Free vars  : 25
 AA' NZ     : 1.500e+04
 Factor NZ  : 1.320e+05 (roughly 8 MBytes of memory)
 Factor Ops : 3.531e+07 (less than 1 second per iteration)
 Threads    : 3

                  Objective                Residual
Iter       Primal          Dual         Primal    Dual     Compl     Time
   0  -4.99978547e+02 -0.00000000e+00  1.57e+00 8.00e+00  1.37e-01     0s
   1  -2.03341783e+02  1.03998294e-02  9.36e-09 1.08e-06  1.30e-02     0s
   2  -1.92952641e-01  1.03994904e-02  4.59e-14 1.08e-09  1.30e-05     0s
   3  -7.48517708e-03  1.00297912e-02  4.41e-10 1.39e-10  1.12e-06     0s
   4   1.68268546e-04  8.87585159e-03  5.63e-10 1.06e-10  5.56e-07     0s
   5   2.95348707e-03  8.22217248e-03  4.38e-10 8.56e-11  3.37e-07     0s
   6   4.43214092e-03  7.02860359e-03  4.20e-10 5.23e-11  1.66e-07     0s
   7   5.06741645e-03  6.45200905e-03  3.97e-10 3.27e-11  8.85e-08     0s
   8   5.33029887e-03  6.19043050e-03  3.16e-10 2.55e-11  5.50e-08     0s
   9   5.44903436e-03  6.06515641e-03  2.60e-10 2.05e-11  3.94e-08     0s
  10   5.60020530e-03  5.97059955e-03  3.29e-10 1.86e-11  2.37e-08     0s
  11   5.63576894e-03  5.89065289e-03  2.76e-10 1.45e-11  1.63e-08     0s
  12   5.66699821e-03  5.80785121e-03  4.05e-10 9.56e-12  9.00e-09     0s
  13   5.69415678e-03  5.74199518e-03  5.73e-10 6.53e-12  3.06e-09     0s
  14   5.69690467e-03  5.72277104e-03  3.80e-10 4.39e-12  1.65e-09     0s
  15   5.70041188e-03  5.71966761e-03  2.57e-10 3.61e-12  1.23e-09     0s
  16   5.70563286e-03  5.70699514e-03  2.11e-10 1.42e-12  8.71e-11     0s
  17   5.70596935e-03  5.70652367e-03  6.43e-11 1.27e-12  3.54e-11     0s
  18   5.70607985e-03  5.70616476e-03  2.08e-11 3.36e-13  5.42e-12     0s
  19   5.70614293e-03  5.70614317e-03  1.23e-11 1.14e-13  9.68e-15     0s

Barrier solved model in 19 iterations and 0.15 seconds
Optimal objective 5.70614293e-03

Crossover log...

       0 DPushes remaining with DInf 0.0000000e+00                 0s

    3279 PPushes remaining with PInf 1.4077727e-02                 0s
       0 PPushes remaining with PInf 5.2737465e-04                 0s

  Push phase complete: Pinf 5.2737465e-04, Dinf 3.5998982e-14      0s

Iteration    Objective       Primal Inf.    Dual Inf.      Time
    3441    5.7063409e-03   5.273746e-04   0.000000e+00      0s
    3467    5.7061431e-03   0.000000e+00   0.000000e+00      0s

Solved with barrier
Solved in 3467 iterations and 0.18 seconds
Optimal objective  5.706143129e-03

Gurobi 9.0.2 (mac64, Java) logging started Sun Jun  7 13:39:08 2020

Academic license - for non-commercial use only
Gurobi Optimizer version 9.0.2 build v9.0.2rc0 (mac64)
Optimize a model with 15025 rows, 625 columns and 30625 nonzeros
Model fingerprint: 0x3c4951a3
Coefficient statistics:
  Matrix range     [1e+00, 5e+01]
  Objective range  [3e-05, 2e-03]
  Bounds range     [1e+00, 1e+00]
  RHS range        [1e+00, 1e+00]

Concurrent LP optimizer: dual simplex and barrier
Showing barrier log only...

Presolve time: 0.02s
Presolved: 625 rows, 15650 columns, 31250 nonzeros

Ordering time: 0.01s

Barrier statistics:
 Free vars  : 25
 AA' NZ     : 1.500e+04
 Factor NZ  : 1.320e+05 (roughly 8 MBytes of memory)
 Factor Ops : 3.531e+07 (less than 1 second per iteration)
 Threads    : 3

                  Objective                Residual
Iter       Primal          Dual         Primal    Dual     Compl     Time
   0  -4.99978547e+02 -0.00000000e+00  1.57e+00 8.00e+00  1.37e-01     0s
   1  -2.03341783e+02  1.03998294e-02  9.36e-09 1.08e-06  1.30e-02     0s
   2  -1.92952641e-01  1.03994904e-02  4.59e-14 1.08e-09  1.30e-05     0s
   3  -7.48517708e-03  1.00297912e-02  4.41e-10 1.39e-10  1.12e-06     0s
   4   1.68268546e-04  8.87585159e-03  5.63e-10 1.06e-10  5.56e-07     0s
   5   2.95348707e-03  8.22217248e-03  4.38e-10 8.56e-11  3.37e-07     0s
   6   4.43214092e-03  7.02860359e-03  4.20e-10 5.23e-11  1.66e-07     0s
   7   5.06741645e-03  6.45200905e-03  3.97e-10 3.27e-11  8.85e-08     0s
   8   5.33029887e-03  6.19043050e-03  3.16e-10 2.55e-11  5.50e-08     0s
   9   5.44903436e-03  6.06515641e-03  2.60e-10 2.05e-11  3.94e-08     0s
  10   5.60020530e-03  5.97059955e-03  3.29e-10 1.86e-11  2.37e-08     0s
  11   5.63576894e-03  5.89065289e-03  2.76e-10 1.45e-11  1.63e-08     0s
  12   5.66699821e-03  5.80785121e-03  4.05e-10 9.56e-12  9.00e-09     0s
  13   5.69415678e-03  5.74199518e-03  5.73e-10 6.53e-12  3.06e-09     0s
  14   5.69690467e-03  5.72277104e-03  3.80e-10 4.39e-12  1.65e-09     0s
  15   5.70041188e-03  5.71966761e-03  2.57e-10 3.61e-12  1.23e-09     0s
  16   5.70563286e-03  5.70699514e-03  2.11e-10 1.42e-12  8.71e-11     0s
  17   5.70596935e-03  5.70652367e-03  6.43e-11 1.27e-12  3.54e-11     0s
  18   5.70607985e-03  5.70616476e-03  2.08e-11 3.36e-13  5.42e-12     0s
  19   5.70614293e-03  5.70614317e-03  1.23e-11 1.14e-13  9.68e-15     0s

Barrier solved model in 19 iterations and 0.14 seconds
Optimal objective 5.70614293e-03

Crossover log...

       0 DPushes remaining with DInf 0.0000000e+00                 0s

    3279 PPushes remaining with PInf 1.4077727e-02                 0s
       0 PPushes remaining with PInf 5.2737465e-04                 0s

  Push phase complete: Pinf 5.2737465e-04, Dinf 3.5998982e-14      0s

Iteration    Objective       Primal Inf.    Dual Inf.      Time
    3441    5.7063409e-03   5.273746e-04   0.000000e+00      0s
    3467    5.7061431e-03   0.000000e+00   0.000000e+00      0s

Solved with barrier
Solved in 3467 iterations and 0.17 seconds
Optimal objective  5.706143129e-03

Gurobi 9.0.2 (mac64, Java) logging started Sun Jun  7 13:41:29 2020

Academic license - for non-commercial use only
Gurobi Optimizer version 9.0.2 build v9.0.2rc0 (mac64)
Optimize a model with 15025 rows, 625 columns and 30625 nonzeros
Model fingerprint: 0x3c4951a3
Coefficient statistics:
  Matrix range     [1e+00, 5e+01]
  Objective range  [3e-05, 2e-03]
  Bounds range     [1e+00, 1e+00]
  RHS range        [1e+00, 1e+00]

Concurrent LP optimizer: dual simplex and barrier
Showing barrier log only...

Presolve time: 0.03s
Presolved: 625 rows, 15650 columns, 31250 nonzeros

Ordering time: 0.01s

Barrier statistics:
 Free vars  : 25
 AA' NZ     : 1.500e+04
 Factor NZ  : 1.320e+05 (roughly 8 MBytes of memory)
 Factor Ops : 3.531e+07 (less than 1 second per iteration)
 Threads    : 3

                  Objective                Residual
Iter       Primal          Dual         Primal    Dual     Compl     Time
   0  -4.99978547e+02 -0.00000000e+00  1.57e+00 8.00e+00  1.37e-01     0s
   1  -2.03341783e+02  1.03998294e-02  9.36e-09 1.08e-06  1.30e-02     0s
   2  -1.92952641e-01  1.03994904e-02  4.59e-14 1.08e-09  1.30e-05     0s
   3  -7.48517708e-03  1.00297912e-02  4.41e-10 1.39e-10  1.12e-06     0s
   4   1.68268546e-04  8.87585159e-03  5.63e-10 1.06e-10  5.56e-07     0s
   5   2.95348707e-03  8.22217248e-03  4.38e-10 8.56e-11  3.37e-07     0s
   6   4.43214092e-03  7.02860359e-03  4.20e-10 5.23e-11  1.66e-07     0s
   7   5.06741645e-03  6.45200905e-03  3.97e-10 3.27e-11  8.85e-08     0s
   8   5.33029887e-03  6.19043050e-03  3.16e-10 2.55e-11  5.50e-08     0s
   9   5.44903436e-03  6.06515641e-03  2.60e-10 2.05e-11  3.94e-08     0s
  10   5.60020530e-03  5.97059955e-03  3.29e-10 1.86e-11  2.37e-08     0s
  11   5.63576894e-03  5.89065289e-03  2.76e-10 1.45e-11  1.63e-08     0s
  12   5.66699821e-03  5.80785121e-03  4.05e-10 9.56e-12  9.00e-09     0s
  13   5.69415678e-03  5.74199518e-03  5.73e-10 6.53e-12  3.06e-09     0s
  14   5.69690467e-03  5.72277104e-03  3.80e-10 4.39e-12  1.65e-09     0s
  15   5.70041188e-03  5.71966761e-03  2.57e-10 3.61e-12  1.23e-09     0s
  16   5.70563286e-03  5.70699514e-03  2.11e-10 1.42e-12  8.71e-11     0s
  17   5.70596935e-03  5.70652367e-03  6.43e-11 1.27e-12  3.54e-11     0s
  18   5.70607985e-03  5.70616476e-03  2.08e-11 3.36e-13  5.42e-12     0s
  19   5.70614293e-03  5.70614317e-03  1.23e-11 1.14e-13  9.68e-15     0s

Barrier solved model in 19 iterations and 0.14 seconds
Optimal objective 5.70614293e-03

Crossover log...

       0 DPushes remaining with DInf 0.0000000e+00                 0s

    3279 PPushes remaining with PInf 1.4077727e-02                 0s
       0 PPushes remaining with PInf 5.2737465e-04                 0s

  Push phase complete: Pinf 5.2737465e-04, Dinf 3.5998982e-14      0s

Iteration    Objective       Primal Inf.    Dual Inf.      Time
    3441    5.7063409e-03   5.273746e-04   0.000000e+00      0s
    3467    5.7061431e-03   0.000000e+00   0.000000e+00      0s

Solved with barrier
Solved in 3467 iterations and 0.18 seconds
Optimal objective  5.706143129e-03
